** Message: environement.vala:58: Exporting primary_variable
** Message: environement.vala:59: desktop_environnement XDG_CURRENT_DESKTOP
** Message: environement.vala:150: confir_dirs is null, export : /etc/xdg
** Message: environement.vala:184: Exporting XDG_CONFIG_DIRS
** Message: environement.vala:218: custom_data :/usr/local/share:/usr/share:/usr/share/gdm:/var/lib/menu-xdg:
** Message: environement.vala:219: data_dirs :/usr/local/share/:/usr/share/:/usr/share/gdm/:/var/lib/menu-xdg/
** Message: environement.vala:220: data_dirs not null, export : /usr/local/share:/usr/share:/usr/share/gdm:/var/lib/menu-xdg:/usr/local/share/:/usr/share/:/usr/share/gdm/:/var/lib/menu-xdg/
** Message: environement.vala:225: Exporting XDG_DATA_DIRS
** Message: utils.vala:79: Config system location : /etc/xdg/lxsession/LXDE
** Message: utils.vala:85: System system path location : /etc/xdg/lxsession/LXDE/desktop.conf
** Message: utils.vala:89: Final file used : /etc/xdg/lxsession/LXDE/desktop.conf
** Message: settings.vala:540: Key file does not have key 'iGtk/ColorScheme' in group 'GTK'
** Message: settings.vala:540: Key file does not have key 'windows_manager/command' in group 'Session'
** Message: settings.vala:540: Key file does not have key 'panel/command' in group 'Session'
** Message: settings.vala:540: Key file does not have key 'dock/command' in group 'Session'
** Message: settings.vala:540: Key file does not have key 'file_manager/command' in group 'Session'
** Message: settings.vala:540: Key file does not have key 'desktop_manager/command' in group 'Session'
** Message: settings.vala:540: Key file does not have key 'launcher_manager/command' in group 'Session'
** Message: settings.vala:540: Key file does not have key 'composite_manager/command' in group 'Session'
** Message: settings.vala:540: Key file does not have key 'im1/command' in group 'Session'
** Message: settings.vala:540: Key file does not have key 'im2/command' in group 'Session'
** Message: settings.vala:540: Key file does not have key 'widget1/command' in group 'Session'
** Message: settings.vala:540: Key file does not have key 'notification/command' in group 'Session'
** Message: settings.vala:540: Key file does not have key 'keybindings/command' in group 'Session'
** Message: settings.vala:540: Key file does not have key 'im_manager/command' in group 'Session'
** Message: settings.vala:540: Key file does not have key 'screensaver/command' in group 'Session'
** Message: settings.vala:540: Key file does not have key 'power_manager/command' in group 'Session'
** Message: settings.vala:540: Key file does not have key 'polkit/command' in group 'Session'
** Message: settings.vala:540: Key file does not have key 'audio_manager/command' in group 'Session'
** Message: settings.vala:540: Key file does not have key 'quit_manager/command' in group 'Session'
** Message: settings.vala:540: Key file does not have key 'quit_manager/command' in group 'Session'
** Message: settings.vala:540: Key file does not have key 'workspace_manager/command' in group 'Session'
** Message: settings.vala:540: Key file does not have key 'terminal_manager/command' in group 'Session'
** Message: settings.vala:540: Key file does not have key 'screenshot_manager/command' in group 'Session'
** Message: settings.vala:540: Key file does not have key 'lock_manager/command' in group 'Session'
** Message: settings.vala:540: Key file does not have key 'message_manager/command' in group 'Session'
** Message: settings.vala:540: Key file does not have key 'upgrade_manager/command' in group 'Session'
** Message: settings.vala:540: Key file does not have key 'updates_manager/command' in group 'Session'
** Message: settings.vala:540: Key file does not have key 'updates_manager/timeout' in group 'Session'
** Message: settings.vala:540: Key file does not have key 'crash_manager/command' in group 'Session'
** Message: settings.vala:540: Key file does not have key 'crash_manager/dev_mode' in group 'Session'
** Message: settings.vala:540: Key file does not have key 'crash_manager/timeout' in group 'Session'
** Message: settings.vala:540: Key file does not have key 'clipboard/command' in group 'Session'
** Message: settings.vala:540: Key file does not have key 'disable_autostart' in group 'Session'
** Message: settings.vala:540: Key file does not have key 'upstart_user_session' in group 'Session'
** Message: settings.vala:540: Key file does not have key 'xsettings_manager/command' in group 'Session'
** Message: settings.vala:540: Key file does not have key 'proxy_manager/command' in group 'Session'
** Message: settings.vala:540: Key file does not have key 'proxy_manager/http' in group 'Session'
** Message: settings.vala:540: Key file does not have key 'a11y/command' in group 'Session'
** Message: settings.vala:540: Key file does not have key 'keyring/command' in group 'Session'
** Message: settings.vala:540: Key file does not have key 'xrandr/command' in group 'Session'
** Message: settings.vala:540: Key file does not have key 'network_gui/command' in group 'Session'
** Message: settings.vala:540: Key file does not have key 'webbrowser/command' in group 'Session'
** Message: settings.vala:540: Key file does not have key 'email/command' in group 'Session'
** Message: settings.vala:540: Key file does not have key 'pdf_reader/command' in group 'Session'
** Message: settings.vala:540: Key file does not have key 'video_player/command' in group 'Session'
** Message: settings.vala:540: Key file does not have key 'audio_player/command' in group 'Session'
** Message: settings.vala:540: Key file does not have key 'images_display/command' in group 'Session'
** Message: settings.vala:540: Key file does not have key 'text_editor/command' in group 'Session'
** Message: settings.vala:540: Key file does not have key 'archive/command' in group 'Session'
** Message: settings.vala:540: Key file does not have key 'charmap/command' in group 'Session'
** Message: settings.vala:540: Key file does not have key 'calculator/command' in group 'Session'
** Message: settings.vala:540: Key file does not have key 'spreadsheet/command' in group 'Session'
** Message: settings.vala:540: Key file does not have key 'bittorent/command' in group 'Session'
** Message: settings.vala:540: Key file does not have key 'document/command' in group 'Session'
** Message: settings.vala:540: Key file does not have key 'webcam/command' in group 'Session'
** Message: settings.vala:540: Key file does not have key 'burn/command' in group 'Session'
** Message: settings.vala:540: Key file does not have key 'notes/command' in group 'Session'
** Message: settings.vala:540: Key file does not have key 'disk_utility/command' in group 'Session'
** Message: settings.vala:540: Key file does not have key 'tasks/command' in group 'Session'
** Message: settings.vala:540: Key file does not have group 'Keymap'
** Message: settings.vala:540: Key file does not have group 'State'
** Message: settings.vala:540: Key file does not have group 'State'
** Message: settings.vala:540: Key file does not have group 'Dbus'
** Message: settings.vala:540: Key file does not have group 'Dbus'
** Message: settings.vala:540: Key file does not have group 'Environment'
** Message: settings.vala:540: Key file does not have group 'Environment'
** Message: settings.vala:540: Key file does not have group 'Environment'
** Message: settings.vala:540: Key file does not have group 'Environment'
** Message: settings.vala:540: Key file does not have group 'Environment'
** Message: settings.vala:540: Key file does not have group 'Environment'
** Message: settings.vala:540: Key file does not have group 'Environment'
** Message: settings.vala:540: Key file does not have key 'iXft/Hinting' in group 'GTK'
** Message: settings.vala:540: Key file does not have key 'sXft/HintStyle' in group 'GTK'
** Message: settings.vala:540: Key file does not have key 'sXft/RGBA' in group 'GTK'
** Message: settings.vala:540: Key file does not have key 'sGtk/ColorScheme' in group 'GTK'
** Message: settings.vala:540: Key file does not have key 'sGtk/CursorThemeName' in group 'GTK'
** Message: settings.vala:540: Key file does not have key 'iGtk/ToolbarIconSize' in group 'GTK'
** Message: settings.vala:540: Key file does not have key 'iNet/EnableEventSounds' in group 'GTK'
** Message: settings.vala:540: Key file does not have key 'iNet/EnableInputFeedbackSounds' in group 'GTK'
** Message: settings.vala:540: Key file does not have key 'Beep' in group 'Keyboard'
** Message: settings.vala:462: Monitoring: /etc/xdg/lxsession/LXDE/desktop.conf
** Message: settings.vala:470: Desktop file is not in config home, monitoring creation of it
** Message: settings.vala:485: Monitoring home path: /home/pi/.config/lxsession/LXDE/desktop.conf
** Message: settings.vala:373: Settings default for Session, windows_manager, command : openbox
** Message: settings.vala:373: Settings default for Session, windows_manager, session : LXDE
** Message: settings.vala:373: Settings default for Session, disable_autostart, (null) : no

** (lxsession:653): WARNING **: settings.vala:917: Failed to create file '/etc/xdg/lxsession/LXDE/desktop.conf.55ZLIZ': Permission denied
** Message: settings.vala:462: Monitoring: /home/pi/.config/lxsession/LXDE/desktop.conf
** Message: settings.vala:466: Desktop file is already in config home, do nothing
** Message: utils.vala:79: Config system location : /etc/xdg/lxsession/LXDE
** Message: utils.vala:85: System system path location : /etc/xdg/lxsession/LXDE/autostart
** Message: utils.vala:89: Final file used : /etc/xdg/lxsession/LXDE/autostart
** Message: settings.vala:373: Settings default for Session, polkit, command : lxpolkit
** Message: settings.vala:373: Settings default for Session, clipboard, command : lxclipboard
** Message: settings.vala:373: Settings default for Session, xsettings_manager, command : build-in
** Message: settings.vala:373: Settings default for Session, proxy_manager, command : build-in
** Message: settings.vala:373: Settings default for Session, keyring, command : ssh-agent
** Message: settings.vala:373: Settings default for GTK, iXft, Hinting : 1
** Message: settings.vala:373: Settings default for GTK, sXft, HintStyle : hintslight
** Message: settings.vala:373: Settings default for GTK, sXft, RGBA : rgb
** Message: settings.vala:373: Settings default for GTK, iNet, EnableEventSounds : 1
** Message: settings.vala:373: Settings default for GTK, iNet, EnableInputFeedbackSounds : 1
** Message: settings.vala:373: Settings default for GTK, sGtk, ColorScheme : 
** Message: settings.vala:373: Settings default for GTK, iGtk, ToolbarIconSize : 3
** Message: settings.vala:373: Settings default for GTK, sGtk, CursorThemeName : DMZ-White
** Message: settings.vala:373: Settings default for Keyboard, Beep, (null) : 1
** Message: settings.vala:373: Settings default for State, guess_default, (null) : true
** Message: settings.vala:373: Settings default for Dbus, lxde, (null) : true
** Message: settings.vala:373: Settings default for Environment, menu_prefix, (null) : lxde-
** Message: settings.vala:373: Settings default for Session, quit_manager, command : lxsession-logout
** Message: settings.vala:373: Settings default for Session, quit_manager, image : /usr/share/lxde/images/logout-banner.png
** Message: settings.vala:373: Settings default for Session, quit_manager, layout : top
** Message: settings.vala:373: Settings default for Session, lock_manager, command : lxlock
** Message: settings.vala:373: Settings default for Session, terminal_manager, command : lxterminal
** Message: settings.vala:373: Settings default for Session, launcher_manager, command : lxpanelctl
** Message: environement.vala:79: Exporting variable
** Message: environement.vala:80: desktop_environnement XDG_CURRENT_DESKTOP
** Message: environement.vala:177: custom_config :
** Message: environement.vala:178: config_dirs :/etc/xdg
** Message: environement.vala:179: confir_dirs not null, export : /etc/xdg
** Message: environement.vala:184: Exporting XDG_CONFIG_DIRS
** Message: environement.vala:218: custom_data :
** Message: environement.vala:219: data_dirs :/usr/local/share:/usr/share:/usr/share/gdm:/var/lib/menu-xdg:/usr/local/share/:/usr/share/:/usr/share/gdm/:/var/lib/menu-xdg/
** Message: environement.vala:220: data_dirs not null, export : /usr/local/share:/usr/share:/usr/share/gdm:/var/lib/menu-xdg:/usr/local/share/:/usr/share/:/usr/share/gdm/:/var/lib/menu-xdg/
** Message: environement.vala:225: Exporting XDG_DATA_DIRS
** Message: utils.vala:68: User config used : /home/pi/.config/lxsession/LXDE/desktop.conf
** Message: utils.vala:89: Final file used : /home/pi/.config/lxsession/LXDE/desktop.conf
** Message: environement.vala:254: No entry in [Environment_variable]. Key file does not have group 'Environment_variable'
** Message: utils.vala:79: Config system location : /etc/xdg/lxsession/LXDE
** Message: utils.vala:85: System system path location : /etc/xdg/lxsession/LXDE/conffiles.conf
** Message: utils.vala:89: Final file used : /etc/xdg/lxsession/LXDE/conffiles.conf
** Message: options.vala:164: Activate xsettings_manager build-in
** Message: utils.vala:68: User config used : /home/pi/.config/lxsession/LXDE/desktop.conf
** Message: utils.vala:89: Final file used : /home/pi/.config/lxsession/LXDE/desktop.conf
xprop:  no such property "_NET_NUMBER_OF_DESKTOPS"
xprop:  no such property "_NET_DESKTOP_NAMES"
** Message: app.vala:721: polkit separate
** Message: app.vala:721: polkit separate

** (lxsession:653): WARNING **: app.vala:86: Failed to execute child process "lxpolkit" (No such file or directory)

** (lxsession:653): WARNING **: app.vala:87: Error when launching lxpolkit
** Message: utils.vala:68: User config used : /home/pi/.config/lxsession/LXDE/autostart
** Message: utils.vala:89: Final file used : /home/pi/.config/lxsession/LXDE/autostart
** Message: autostart.vala:42: Autostart path : /home/pi/.config/lxsession/LXDE/autostart
** Message: app.vala:76: Launching lxpanel 
** Message: app.vala:76: Launching pcmanfm 
** Message: app.vala:76: Launching xscreensaver 
** Message: options.vala:107: Create build-in Clipboard
** Message: main.vala:442: Check keymap_mode (null)
** Message: app.vala:76: Launching /usr/bin/ssh-agent 
SSH_AUTH_SOCK=/tmp/ssh-FL09da9OYcjK/agent.721; export SSH_AUTH_SOCK;
SSH_AGENT_PID=723; export SSH_AGENT_PID;
echo Agent pid 723;
** Message: settings.vala:509: Desktop file change, reloading XSettings daemon
** Message: options.vala:186: Reload xsettings_manager build-in
** Message: utils.vala:68: User config used : /home/pi/.config/lxsession/LXDE/desktop.conf
** Message: utils.vala:89: Final file used : /home/pi/.config/lxsession/LXDE/desktop.conf
** Message: settings.vala:503: Reload the xsettings option
** Message: settings.vala:509: Desktop file change, reloading XSettings daemon
** Message: options.vala:186: Reload xsettings_manager build-in
** Message: utils.vala:68: User config used : /home/pi/.config/lxsession/LXDE/desktop.conf
** Message: utils.vala:89: Final file used : /home/pi/.config/lxsession/LXDE/desktop.conf
** Message: settings.vala:503: Reload the xsettings option
** Message: settings.vala:509: Desktop file change, reloading XSettings daemon
** Message: options.vala:186: Reload xsettings_manager build-in
** Message: utils.vala:68: User config used : /home/pi/.config/lxsession/LXDE/desktop.conf
** Message: utils.vala:89: Final file used : /home/pi/.config/lxsession/LXDE/desktop.conf
** Message: settings.vala:503: Reload the xsettings option
** Message: settings.vala:509: Desktop file change, reloading XSettings daemon
** Message: options.vala:186: Reload xsettings_manager build-in
** Message: utils.vala:68: User config used : /home/pi/.config/lxsession/LXDE/desktop.conf
** Message: utils.vala:89: Final file used : /home/pi/.config/lxsession/LXDE/desktop.conf
** Message: x-terminal-emulator has very limited support, consider choose another terminal
** Message: settings.vala:503: Reload the xsettings option
** Message: settings.vala:509: Desktop file change, reloading XSettings daemon
** Message: options.vala:186: Reload xsettings_manager build-in
** Message: utils.vala:68: User config used : /home/pi/.config/lxsession/LXDE/desktop.conf
** Message: utils.vala:89: Final file used : /home/pi/.config/lxsession/LXDE/desktop.conf
** Message: settings.vala:503: Reload the xsettings option
** Message: settings.vala:509: Desktop file change, reloading XSettings daemon
** Message: options.vala:186: Reload xsettings_manager build-in
** Message: utils.vala:68: User config used : /home/pi/.config/lxsession/LXDE/desktop.conf
** Message: utils.vala:89: Final file used : /home/pi/.config/lxsession/LXDE/desktop.conf
** Message: settings.vala:503: Reload the xsettings option
** Message: settings.vala:509: Desktop file change, reloading XSettings daemon
** Message: options.vala:186: Reload xsettings_manager build-in
** Message: utils.vala:68: User config used : /home/pi/.config/lxsession/LXDE/desktop.conf
** Message: utils.vala:89: Final file used : /home/pi/.config/lxsession/LXDE/desktop.conf
** Message: settings.vala:503: Reload the xsettings option
** Message: settings.vala:509: Desktop file change, reloading XSettings daemon
** Message: options.vala:186: Reload xsettings_manager build-in
** Message: utils.vala:68: User config used : /home/pi/.config/lxsession/LXDE/desktop.conf
** Message: utils.vala:89: Final file used : /home/pi/.config/lxsession/LXDE/desktop.conf
** Message: settings.vala:503: Reload the xsettings option
** Message: settings.vala:509: Desktop file change, reloading XSettings daemon
** Message: options.vala:186: Reload xsettings_manager build-in
** Message: utils.vala:68: User config used : /home/pi/.config/lxsession/LXDE/desktop.conf
** Message: utils.vala:89: Final file used : /home/pi/.config/lxsession/LXDE/desktop.conf
** Message: settings.vala:503: Reload the xsettings option
** Message: settings.vala:509: Desktop file change, reloading XSettings daemon
** Message: options.vala:186: Reload xsettings_manager build-in
** Message: utils.vala:68: User config used : /home/pi/.config/lxsession/LXDE/desktop.conf
** Message: utils.vala:89: Final file used : /home/pi/.config/lxsession/LXDE/desktop.conf
** Message: x-terminal-emulator has very limited support, consider choose another terminal
Activating service name='org.a11y.atspi.Registry'
** Message: settings.vala:503: Reload the xsettings option
** Message: settings.vala:509: Desktop file change, reloading XSettings daemon
** Message: options.vala:186: Reload xsettings_manager build-in
** Message: utils.vala:68: User config used : /home/pi/.config/lxsession/LXDE/desktop.conf
** Message: utils.vala:89: Final file used : /home/pi/.config/lxsession/LXDE/desktop.conf
** Message: settings.vala:503: Reload the xsettings option
** Message: settings.vala:509: Desktop file change, reloading XSettings daemon
** Message: options.vala:186: Reload xsettings_manager build-in
** Message: utils.vala:68: User config used : /home/pi/.config/lxsession/LXDE/desktop.conf
** Message: utils.vala:89: Final file used : /home/pi/.config/lxsession/LXDE/desktop.conf
** Message: settings.vala:503: Reload the xsettings option
** Message: settings.vala:509: Desktop file change, reloading XSettings daemon
** Message: options.vala:186: Reload xsettings_manager build-in
** Message: utils.vala:68: User config used : /home/pi/.config/lxsession/LXDE/desktop.conf
** Message: utils.vala:89: Final file used : /home/pi/.config/lxsession/LXDE/desktop.conf
Successfully activated service 'org.a11y.atspi.Registry'
** Message: settings.vala:503: Reload the xsettings option
** Message: settings.vala:509: Desktop file change, reloading XSettings daemon
** Message: options.vala:186: Reload xsettings_manager build-in
** Message: utils.vala:68: User config used : /home/pi/.config/lxsession/LXDE/desktop.conf
** Message: utils.vala:89: Final file used : /home/pi/.config/lxsession/LXDE/desktop.conf
** Message: settings.vala:503: Reload the xsettings option
** Message: settings.vala:509: Desktop file change, reloading XSettings daemon
** Message: options.vala:186: Reload xsettings_manager build-in
** Message: utils.vala:68: User config used : /home/pi/.config/lxsession/LXDE/desktop.conf
** Message: utils.vala:89: Final file used : /home/pi/.config/lxsession/LXDE/desktop.conf
** Message: settings.vala:503: Reload the xsettings option
** Message: settings.vala:509: Desktop file change, reloading XSettings daemon
** Message: options.vala:186: Reload xsettings_manager build-in
** Message: utils.vala:68: User config used : /home/pi/.config/lxsession/LXDE/desktop.conf
** Message: utils.vala:89: Final file used : /home/pi/.config/lxsession/LXDE/desktop.conf
** Message: settings.vala:503: Reload the xsettings option
** Message: settings.vala:509: Desktop file change, reloading XSettings daemon
** Message: options.vala:186: Reload xsettings_manager build-in
** Message: utils.vala:68: User config used : /home/pi/.config/lxsession/LXDE/desktop.conf
** Message: utils.vala:89: Final file used : /home/pi/.config/lxsession/LXDE/desktop.conf
** Message: settings.vala:503: Reload the xsettings option
** Message: settings.vala:509: Desktop file change, reloading XSettings daemon
** Message: options.vala:186: Reload xsettings_manager build-in
** Message: utils.vala:68: User config used : /home/pi/.config/lxsession/LXDE/desktop.conf
** Message: utils.vala:89: Final file used : /home/pi/.config/lxsession/LXDE/desktop.conf
** Message: settings.vala:503: Reload the xsettings option
** Message: settings.vala:509: Desktop file change, reloading XSettings daemon
** Message: options.vala:186: Reload xsettings_manager build-in
** Message: utils.vala:68: User config used : /home/pi/.config/lxsession/LXDE/desktop.conf
** Message: utils.vala:89: Final file used : /home/pi/.config/lxsession/LXDE/desktop.conf
** Message: settings.vala:503: Reload the xsettings option
** Message: settings.vala:509: Desktop file change, reloading XSettings daemon
** Message: options.vala:186: Reload xsettings_manager build-in
** Message: utils.vala:68: User config used : /home/pi/.config/lxsession/LXDE/desktop.conf
** Message: utils.vala:89: Final file used : /home/pi/.config/lxsession/LXDE/desktop.conf
** Message: settings.vala:503: Reload the xsettings option
** Message: settings.vala:509: Desktop file change, reloading XSettings daemon
** Message: options.vala:186: Reload xsettings_manager build-in
** Message: utils.vala:68: User config used : /home/pi/.config/lxsession/LXDE/desktop.conf
** Message: utils.vala:89: Final file used : /home/pi/.config/lxsession/LXDE/desktop.conf
** Message: settings.vala:503: Reload the xsettings option
** Message: settings.vala:509: Desktop file change, reloading XSettings daemon
** Message: options.vala:186: Reload xsettings_manager build-in
** Message: utils.vala:68: User config used : /home/pi/.config/lxsession/LXDE/desktop.conf
** Message: utils.vala:89: Final file used : /home/pi/.config/lxsession/LXDE/desktop.conf
** Message: settings.vala:503: Reload the xsettings option
** Message: settings.vala:509: Desktop file change, reloading XSettings daemon
** Message: options.vala:186: Reload xsettings_manager build-in
** Message: utils.vala:68: User config used : /home/pi/.config/lxsession/LXDE/desktop.conf
** Message: utils.vala:89: Final file used : /home/pi/.config/lxsession/LXDE/desktop.conf
** Message: settings.vala:503: Reload the xsettings option
** Message: settings.vala:509: Desktop file change, reloading XSettings daemon
** Message: options.vala:186: Reload xsettings_manager build-in
** Message: utils.vala:68: User config used : /home/pi/.config/lxsession/LXDE/desktop.conf
** Message: utils.vala:89: Final file used : /home/pi/.config/lxsession/LXDE/desktop.conf
** Message: settings.vala:503: Reload the xsettings option
** Message: settings.vala:509: Desktop file change, reloading XSettings daemon
** Message: options.vala:186: Reload xsettings_manager build-in
** Message: utils.vala:68: User config used : /home/pi/.config/lxsession/LXDE/desktop.conf
** Message: utils.vala:89: Final file used : /home/pi/.config/lxsession/LXDE/desktop.conf
** Message: settings.vala:503: Reload the xsettings option
** Message: settings.vala:509: Desktop file change, reloading XSettings daemon
** Message: options.vala:186: Reload xsettings_manager build-in
** Message: utils.vala:68: User config used : /home/pi/.config/lxsession/LXDE/desktop.conf
** Message: utils.vala:89: Final file used : /home/pi/.config/lxsession/LXDE/desktop.conf
Openbox-Message: Unable to find a valid menu file "/usr/share/lxde/openbox/menu.xml"
** Message: settings.vala:503: Reload the xsettings option
** Message: settings.vala:509: Desktop file change, reloading XSettings daemon
** Message: options.vala:186: Reload xsettings_manager build-in
** Message: utils.vala:68: User config used : /home/pi/.config/lxsession/LXDE/desktop.conf
** Message: utils.vala:89: Final file used : /home/pi/.config/lxsession/LXDE/desktop.conf
** Message: settings.vala:503: Reload the xsettings option
** Message: settings.vala:509: Desktop file change, reloading XSettings daemon
** Message: options.vala:186: Reload xsettings_manager build-in
** Message: utils.vala:68: User config used : /home/pi/.config/lxsession/LXDE/desktop.conf
** Message: utils.vala:89: Final file used : /home/pi/.config/lxsession/LXDE/desktop.conf
** Message: settings.vala:503: Reload the xsettings option
** Message: settings.vala:509: Desktop file change, reloading XSettings daemon
** Message: options.vala:186: Reload xsettings_manager build-in
** Message: utils.vala:68: User config used : /home/pi/.config/lxsession/LXDE/desktop.conf
** Message: utils.vala:89: Final file used : /home/pi/.config/lxsession/LXDE/desktop.conf
** Message: settings.vala:503: Reload the xsettings option
** Message: settings.vala:509: Desktop file change, reloading XSettings daemon
** Message: options.vala:186: Reload xsettings_manager build-in
** Message: utils.vala:68: User config used : /home/pi/.config/lxsession/LXDE/desktop.conf
** Message: utils.vala:89: Final file used : /home/pi/.config/lxsession/LXDE/desktop.conf

(lxpanel:717): Gtk-CRITICAL **: IA__gtk_button_set_relief: assertion 'GTK_IS_BUTTON (button)' failed
** Message: settings.vala:503: Reload the xsettings option
** Message: settings.vala:509: Desktop file change, reloading XSettings daemon
** Message: options.vala:186: Reload xsettings_manager build-in
** Message: utils.vala:68: User config used : /home/pi/.config/lxsession/LXDE/desktop.conf
** Message: utils.vala:89: Final file used : /home/pi/.config/lxsession/LXDE/desktop.conf
** Message: settings.vala:503: Reload the xsettings option
** Message: settings.vala:509: Desktop file change, reloading XSettings daemon
** Message: options.vala:186: Reload xsettings_manager build-in
** Message: utils.vala:68: User config used : /home/pi/.config/lxsession/LXDE/desktop.conf
** Message: utils.vala:89: Final file used : /home/pi/.config/lxsession/LXDE/desktop.conf
** Message: settings.vala:503: Reload the xsettings option
** Message: settings.vala:509: Desktop file change, reloading XSettings daemon
** Message: options.vala:186: Reload xsettings_manager build-in
** Message: utils.vala:68: User config used : /home/pi/.config/lxsession/LXDE/desktop.conf
** Message: utils.vala:89: Final file used : /home/pi/.config/lxsession/LXDE/desktop.conf
** Message: settings.vala:503: Reload the xsettings option
** Message: settings.vala:509: Desktop file change, reloading XSettings daemon
** Message: options.vala:186: Reload xsettings_manager build-in
** Message: utils.vala:68: User config used : /home/pi/.config/lxsession/LXDE/desktop.conf
** Message: utils.vala:89: Final file used : /home/pi/.config/lxsession/LXDE/desktop.conf
** Message: settings.vala:503: Reload the xsettings option
** Message: settings.vala:509: Desktop file change, reloading XSettings daemon
** Message: options.vala:186: Reload xsettings_manager build-in
** Message: utils.vala:68: User config used : /home/pi/.config/lxsession/LXDE/desktop.conf
** Message: utils.vala:89: Final file used : /home/pi/.config/lxsession/LXDE/desktop.conf
** Message: settings.vala:503: Reload the xsettings option
** Message: settings.vala:509: Desktop file change, reloading XSettings daemon
** Message: options.vala:186: Reload xsettings_manager build-in
** Message: utils.vala:68: User config used : /home/pi/.config/lxsession/LXDE/desktop.conf
** Message: utils.vala:89: Final file used : /home/pi/.config/lxsession/LXDE/desktop.conf
** Message: settings.vala:503: Reload the xsettings option
** Message: settings.vala:509: Desktop file change, reloading XSettings daemon
** Message: options.vala:186: Reload xsettings_manager build-in
** Message: utils.vala:68: User config used : /home/pi/.config/lxsession/LXDE/desktop.conf
** Message: utils.vala:89: Final file used : /home/pi/.config/lxsession/LXDE/desktop.conf
** Message: settings.vala:503: Reload the xsettings option
** Message: settings.vala:509: Desktop file change, reloading XSettings daemon
** Message: options.vala:186: Reload xsettings_manager build-in
** Message: utils.vala:68: User config used : /home/pi/.config/lxsession/LXDE/desktop.conf
** Message: utils.vala:89: Final file used : /home/pi/.config/lxsession/LXDE/desktop.conf
** Message: settings.vala:503: Reload the xsettings option
** Message: settings.vala:509: Desktop file change, reloading XSettings daemon
** Message: options.vala:186: Reload xsettings_manager build-in
** Message: utils.vala:68: User config used : /home/pi/.config/lxsession/LXDE/desktop.conf
** Message: utils.vala:89: Final file used : /home/pi/.config/lxsession/LXDE/desktop.conf
** Message: settings.vala:503: Reload the xsettings option
** Message: settings.vala:509: Desktop file change, reloading XSettings daemon
** Message: options.vala:186: Reload xsettings_manager build-in
** Message: utils.vala:68: User config used : /home/pi/.config/lxsession/LXDE/desktop.conf
** Message: utils.vala:89: Final file used : /home/pi/.config/lxsession/LXDE/desktop.conf
** Message: settings.vala:503: Reload the xsettings option
** Message: settings.vala:509: Desktop file change, reloading XSettings daemon
** Message: options.vala:186: Reload xsettings_manager build-in
** Message: utils.vala:68: User config used : /home/pi/.config/lxsession/LXDE/desktop.conf
** Message: utils.vala:89: Final file used : /home/pi/.config/lxsession/LXDE/desktop.conf
** Message: settings.vala:503: Reload the xsettings option
** Message: settings.vala:509: Desktop file change, reloading XSettings daemon
** Message: options.vala:186: Reload xsettings_manager build-in
** Message: utils.vala:68: User config used : /home/pi/.config/lxsession/LXDE/desktop.conf
** Message: utils.vala:89: Final file used : /home/pi/.config/lxsession/LXDE/desktop.conf

** (lxpanel:717): WARNING **: launchbar: application in desktop entry is not valid
** Message: settings.vala:503: Reload the xsettings option
** Message: settings.vala:509: Desktop file change, reloading XSettings daemon
** Message: options.vala:186: Reload xsettings_manager build-in
** Message: utils.vala:68: User config used : /home/pi/.config/lxsession/LXDE/desktop.conf
** Message: utils.vala:89: Final file used : /home/pi/.config/lxsession/LXDE/desktop.conf
** Message: settings.vala:503: Reload the xsettings option
** Message: settings.vala:509: Desktop file change, reloading XSettings daemon
** Message: options.vala:186: Reload xsettings_manager build-in
** Message: utils.vala:68: User config used : /home/pi/.config/lxsession/LXDE/desktop.conf
** Message: utils.vala:89: Final file used : /home/pi/.config/lxsession/LXDE/desktop.conf
** Message: settings.vala:503: Reload the xsettings option
** Message: settings.vala:509: Desktop file change, reloading XSettings daemon
** Message: options.vala:186: Reload xsettings_manager build-in
** Message: utils.vala:68: User config used : /home/pi/.config/lxsession/LXDE/desktop.conf
** Message: utils.vala:89: Final file used : /home/pi/.config/lxsession/LXDE/desktop.conf
** Message: settings.vala:503: Reload the xsettings option
** Message: settings.vala:509: Desktop file change, reloading XSettings daemon
** Message: options.vala:186: Reload xsettings_manager build-in
** Message: utils.vala:68: User config used : /home/pi/.config/lxsession/LXDE/desktop.conf
** Message: utils.vala:89: Final file used : /home/pi/.config/lxsession/LXDE/desktop.conf
** Message: settings.vala:503: Reload the xsettings option
** Message: settings.vala:509: Desktop file change, reloading XSettings daemon
** Message: options.vala:186: Reload xsettings_manager build-in
** Message: utils.vala:68: User config used : /home/pi/.config/lxsession/LXDE/desktop.conf
** Message: utils.vala:89: Final file used : /home/pi/.config/lxsession/LXDE/desktop.conf
** Message: settings.vala:503: Reload the xsettings option
** Message: settings.vala:509: Desktop file change, reloading XSettings daemon
** Message: options.vala:186: Reload xsettings_manager build-in
** Message: utils.vala:68: User config used : /home/pi/.config/lxsession/LXDE/desktop.conf
** Message: utils.vala:89: Final file used : /home/pi/.config/lxsession/LXDE/desktop.conf
** Message: settings.vala:503: Reload the xsettings option
** Message: settings.vala:509: Desktop file change, reloading XSettings daemon
** Message: options.vala:186: Reload xsettings_manager build-in
** Message: utils.vala:68: User config used : /home/pi/.config/lxsession/LXDE/desktop.conf
** Message: utils.vala:89: Final file used : /home/pi/.config/lxsession/LXDE/desktop.conf
** Message: settings.vala:503: Reload the xsettings option
** Message: settings.vala:509: Desktop file change, reloading XSettings daemon
** Message: options.vala:186: Reload xsettings_manager build-in
** Message: utils.vala:68: User config used : /home/pi/.config/lxsession/LXDE/desktop.conf
** Message: utils.vala:89: Final file used : /home/pi/.config/lxsession/LXDE/desktop.conf
** Message: settings.vala:503: Reload the xsettings option
** Message: settings.vala:509: Desktop file change, reloading XSettings daemon
** Message: options.vala:186: Reload xsettings_manager build-in
** Message: utils.vala:68: User config used : /home/pi/.config/lxsession/LXDE/desktop.conf
** Message: utils.vala:89: Final file used : /home/pi/.config/lxsession/LXDE/desktop.conf
** Message: settings.vala:503: Reload the xsettings option
** Message: settings.vala:509: Desktop file change, reloading XSettings daemon
** Message: options.vala:186: Reload xsettings_manager build-in
** Message: utils.vala:68: User config used : /home/pi/.config/lxsession/LXDE/desktop.conf
** Message: utils.vala:89: Final file used : /home/pi/.config/lxsession/LXDE/desktop.conf
** Message: settings.vala:503: Reload the xsettings option
** Message: settings.vala:509: Desktop file change, reloading XSettings daemon
** Message: options.vala:186: Reload xsettings_manager build-in
** Message: utils.vala:68: User config used : /home/pi/.config/lxsession/LXDE/desktop.conf
** Message: utils.vala:89: Final file used : /home/pi/.config/lxsession/LXDE/desktop.conf
** Message: settings.vala:503: Reload the xsettings option
** Message: settings.vala:509: Desktop file change, reloading XSettings daemon
** Message: options.vala:186: Reload xsettings_manager build-in
** Message: utils.vala:68: User config used : /home/pi/.config/lxsession/LXDE/desktop.conf
** Message: utils.vala:89: Final file used : /home/pi/.config/lxsession/LXDE/desktop.conf
** Message: settings.vala:503: Reload the xsettings option
** Message: settings.vala:509: Desktop file change, reloading XSettings daemon
** Message: options.vala:186: Reload xsettings_manager build-in
** Message: utils.vala:68: User config used : /home/pi/.config/lxsession/LXDE/desktop.conf
** Message: utils.vala:89: Final file used : /home/pi/.config/lxsession/LXDE/desktop.conf
** Message: settings.vala:503: Reload the xsettings option
** Message: settings.vala:509: Desktop file change, reloading XSettings daemon
** Message: options.vala:186: Reload xsettings_manager build-in
** Message: utils.vala:68: User config used : /home/pi/.config/lxsession/LXDE/desktop.conf
** Message: utils.vala:89: Final file used : /home/pi/.config/lxsession/LXDE/desktop.conf
** Message: settings.vala:503: Reload the xsettings option
** Message: settings.vala:509: Desktop file change, reloading XSettings daemon
** Message: options.vala:186: Reload xsettings_manager build-in
** Message: utils.vala:68: User config used : /home/pi/.config/lxsession/LXDE/desktop.conf
** Message: utils.vala:89: Final file used : /home/pi/.config/lxsession/LXDE/desktop.conf
** Message: settings.vala:503: Reload the xsettings option
** Message: settings.vala:509: Desktop file change, reloading XSettings daemon
** Message: options.vala:186: Reload xsettings_manager build-in
** Message: utils.vala:68: User config used : /home/pi/.config/lxsession/LXDE/desktop.conf
** Message: utils.vala:89: Final file used : /home/pi/.config/lxsession/LXDE/desktop.conf
** Message: settings.vala:503: Reload the xsettings option
** Message: settings.vala:509: Desktop file change, reloading XSettings daemon
** Message: options.vala:186: Reload xsettings_manager build-in
** Message: utils.vala:68: User config used : /home/pi/.config/lxsession/LXDE/desktop.conf
** Message: utils.vala:89: Final file used : /home/pi/.config/lxsession/LXDE/desktop.conf
** Message: settings.vala:503: Reload the xsettings option
** Message: settings.vala:509: Desktop file change, reloading XSettings daemon
** Message: options.vala:186: Reload xsettings_manager build-in
** Message: utils.vala:68: User config used : /home/pi/.config/lxsession/LXDE/desktop.conf
** Message: utils.vala:89: Final file used : /home/pi/.config/lxsession/LXDE/desktop.conf
** Message: settings.vala:503: Reload the xsettings option
** Message: app.vala:130: /usr/bin/ssh-agent exit with this type of exit: 0
** Message: settings.vala:515: Desktop file created in home directory, switch configuration to it
** Message: options.vala:186: Reload xsettings_manager build-in
** Message: utils.vala:68: User config used : /home/pi/.config/lxsession/LXDE/desktop.conf
** Message: utils.vala:89: Final file used : /home/pi/.config/lxsession/LXDE/desktop.conf
** Message: settings.vala:503: Reload the xsettings option
** Message: settings.vala:462: Monitoring: /home/pi/.config/lxsession/LXDE/desktop.conf
** Message: settings.vala:466: Desktop file is already in config home, do nothing
** Message: settings.vala:515: Desktop file created in home directory, switch configuration to it
** Message: options.vala:186: Reload xsettings_manager build-in
** Message: utils.vala:68: User config used : /home/pi/.config/lxsession/LXDE/desktop.conf
** Message: utils.vala:89: Final file used : /home/pi/.config/lxsession/LXDE/desktop.conf
** Message: settings.vala:503: Reload the xsettings option
** Message: settings.vala:462: Monitoring: /home/pi/.config/lxsession/LXDE/desktop.conf
** Message: settings.vala:466: Desktop file is already in config home, do nothing
uxterm

(lxpanel:717): Wnck-WARNING **: Unhandled action type _OB_WM_ACTION_UNDECORATE
gksu /usr/bin/x-terminal-emulator

(lxpanel:717): Wnck-WARNING **: Unhandled action type _OB_WM_ACTION_UNDECORATE
xterm

(lxpanel:717): Wnck-WARNING **: Unhandled action type _OB_WM_ACTION_UNDECORATE

(lxpanel:717): Wnck-WARNING **: Unhandled action type _OB_WM_ACTION_UNDECORATE

(lxpanel:717): Wnck-WARNING **: Unhandled action type _OB_WM_ACTION_UNDECORATE
lxsession-default-apps
** Message: main.vala:592: log directory: /home/pi/.cache/lxsession-default-apps
** Message: main.vala:593: log path: /home/pi/.cache/lxsession-default-apps/run.log

(lxpanel:717): Wnck-WARNING **: Unhandled action type _OB_WM_ACTION_UNDECORATE

(lxpanel:717): Wnck-WARNING **: Unhandled action type _OB_WM_ACTION_UNDECORATE
lxsession: Fatal IO error 11 (Resource temporarily unavailable) on X server :0.
openbox-lxde (null) 
lxpanel --profile LXDE (null) 
pcmanfm --desktop --profile LXDE (null) 
xscreensaver -no-splash (null) 
/usr/bin/ssh-agent -s (null) 
pcmanfm: Fatal IO error 4 (Interrupted system call) on X server :0.
XIO:  fatal IO error 4 (Interrupted system call) on X server ":0"
      after 16520 requests (16520 known processed) with 0 events remaining.
